<?xml version="1.0" encoding="UTF-8"?>
<!-- Generated by org.testng.reporters.JUnitReportReporter -->
<testsuite hostname="LAPTOP-6PVDP05M" failures="0" tests="2" name="com.mystore.testcases.TC_002_DataProviderTest_HashMap" time="33.562" errors="0" timestamp="2023-12-18T21:15:11 IST" skipped="0">
  <testcase classname="com.mystore.testcases.TC_002_DataProviderTest_HashMap" name="VerifyLoginTest" time="20.322"/>
  <system-out/>
  <testcase classname="com.mystore.testcases.TC_002_DataProviderTest_HashMap" name="VerifyLoginTest" time="13.240"/>
  <system-out/>
</testsuite> <!-- com.mystore.testcases.TC_002_DataProviderTest_HashMap -->
