<?xml version="1.0" encoding="UTF-8"?>
<!-- Generated by org.testng.reporters.JUnitReportReporter -->
<testsuite hostname="LAPTOP-6PVDP05M" failures="0" tests="2" name="com.mystore.testcases.TC_002_DataProviderTest_HashMap" time="23.492" errors="0" timestamp="21 Dec 2023 05:47:47 GMT" skipped="0">
  <testcase classname="com.mystore.testcases.TC_002_DataProviderTest_HashMap" name="VerifyLoginTest" time="15.297"/>
  <testcase classname="com.mystore.testcases.TC_002_DataProviderTest_HashMap" name="VerifyLoginTest" time="8.195"/>
</testsuite> <!-- com.mystore.testcases.TC_002_DataProviderTest_HashMap -->
